{"nbformat":4,"nbformat_minor":0,"metadata":{"colab":{"name":"PBL IIIB","provenance":[],"collapsed_sections":[],"authorship_tag":"ABX9TyMlrfMT7U9W0GNzAIR3w3zb"},"kernelspec":{"name":"python3","display_name":"Python 3"}},"cells":[{"cell_type":"code","metadata":{"id":"y7ca7h12unbn","executionInfo":{"status":"error","timestamp":1601937332612,"user_tz":180,"elapsed":28848,"user":{"displayName":"Lucas Kaminski","photoUrl":"https://lh3.googleusercontent.com/a-/AOh14GhiEOs50n8s4wkV6xWnpXJkWkka4WbMictpk3EEWQ=s64","userId":"14189621908531994984"}},"outputId":"167bd5b4-46e5-41c1-af68-4aae55df1612","colab":{"base_uri":"https://localhost:8080/","height":1000}},"source":["#Lucas Kaminski - PBL IIIB\n","\n","produto = [\n","  [\"Detergente\", 100, 500, 200],\\\n","  [\"Alcool\", 500, 400, 100],\\\n","  ['Sabão', 200, 500, 400],\\\n","  ['Esponja', 400, 600, 500],\\\n","  ['Alvejante', 700, 500, 300]\\\n","]\n","\n","def listaProdutos():\n","  print(\"Estoque atual:\")\n","  for i in range(len(produto)):\n","    print(produto[i][0] ,produto[i][1])\n","  return \"\"\n","\n","def compraMinimoTodos():\n","  print(\"Os produtos abaixo do estoque minímo e a quantidade a ser comprada são:\")\n","  for i in range(len(produto)):\n","    if produto[i][1] < produto[i][2]:\n","      aComprar = produto[i][2] - produto[i][1]\n","      if aComprar >= produto[i][3]:\n","        print(produto[i][0],aComprar)\n","      else:\n","        print(produto[i][0],\"0\")\n","  return \"\"\n","\n","def inserirProduto(n):\n","  for i in range(n):\n","    prod = str(input(print(\"Qual o produto?\")))\n","    stock = int(input(print(\"Qual o estoque?\")))\n","    stockMin = int(input(print(\"Qual o estoque minímo?\")))\n","    buyMin = int(input(print(\"Qual a compra miníma?\")))\n","    produto.append([prod,stock,stockMin,buyMin])\n","    print(\"Produto inserido com sucesso!\")\n","  return\"\"\n","\n","contador = 1\n","while not contador == 0:\n","  print(\"Bem vindo ao programa da lojinha, escolha uma das opções para continuar\")\n","  contador = int(input(print(\n","                   \"1 - Inserir produto no estoque \\n\"\n","                   \"2 - Ver todos os produtos no estoque \\n\"\n","                   \"3 - Ver lista de compras do estoque \\n\"\n","                   \"0 - Sair do programa \\n \\n\"\n","                   \"Sua escolha:\")))\n","  if contador == 1:\n","    n = int(input(print(\"Quantos produtos deseja inserir?\")))\n","    inserirProduto(n)\n","  elif contador == 2:\n","    print(listaProdutos(),\"\\n\")\n","  elif contador == 3:\n","    print(compraMinimoTodos(),\"\\n\")\n","  else:\n","    print(\"Valor não existente no menu \\n\")\n","\n"],"execution_count":57,"outputs":[{"output_type":"stream","text":["Bem vindo ao programa da lojinha, escolha uma das opções para continuar\n","1 - Inserir produto no estoque \n","2 - Ver todos os produtos no estoque \n","3 - Ver lista de compras do estoque \n","0 - Sair do programa \n"," \n","Sua escolha:\n","1\n","Quantos produtos deseja inserir?\n","1\n","Qual o produto?\n","Feijão\n","Qual o estoque?\n","100\n","Qual o estoque minímo?\n","500\n","Qual a compra miníma?\n","200\n","Produto inserido com sucesso!\n","Bem vindo ao programa da lojinha, escolha uma das opções para continuar\n","1 - Inserir produto no estoque \n","2 - Ver todos os produtos no estoque \n","3 - Ver lista de compras do estoque \n","0 - Sair do programa \n"," \n","Sua escolha:\n","3\n","Os produtos abaixo do estoque minímo e a quantidade a ser comprada são:\n","Detergente 400\n","Sabão 0\n","Esponja 0\n","Feijão 400\n"," \n","\n","Bem vindo ao programa da lojinha, escolha uma das opções para continuar\n","1 - Inserir produto no estoque \n","2 - Ver todos os produtos no estoque \n","3 - Ver lista de compras do estoque \n","0 - Sair do programa \n"," \n","Sua escolha:\n"],"name":"stdout"},{"output_type":"error","ename":"KeyboardInterrupt","evalue":"ignored","traceback":["\u001b[0;31m---------------------------------------------------------------------------\u001b[0m","\u001b[0;31mKeyboardInterrupt\u001b[0m                         Traceback (most recent call last)","\u001b[0;32m/usr/local/lib/python3.6/dist-packages/ipykernel/kernelbase.py\u001b[0m in \u001b[0;36m_input_request\u001b[0;34m(self, prompt, ident, parent, password)\u001b[0m\n\u001b[1;32m    728\u001b[0m             \u001b[0;32mtry\u001b[0m\u001b[0;34m:\u001b[0m\u001b[0;34m\u001b[0m\u001b[0;34m\u001b[0m\u001b[0m\n\u001b[0;32m--> 729\u001b[0;31m                 \u001b[0mident\u001b[0m\u001b[0;34m,\u001b[0m \u001b[0mreply\u001b[0m \u001b[0;34m=\u001b[0m \u001b[0mself\u001b[0m\u001b[0;34m.\u001b[0m\u001b[0msession\u001b[0m\u001b[0;34m.\u001b[0m\u001b[0mrecv\u001b[0m\u001b[0;34m(\u001b[0m\u001b[0mself\u001b[0m\u001b[0;34m.\u001b[0m\u001b[0mstdin_socket\u001b[0m\u001b[0;34m,\u001b[0m \u001b[0;36m0\u001b[0m\u001b[0;34m)\u001b[0m\u001b[0;34m\u001b[0m\u001b[0;34m\u001b[0m\u001b[0m\n\u001b[0m\u001b[1;32m    730\u001b[0m             \u001b[0;32mexcept\u001b[0m \u001b[0mException\u001b[0m\u001b[0;34m:\u001b[0m\u001b[0;34m\u001b[0m\u001b[0;34m\u001b[0m\u001b[0m\n","\u001b[0;32m/usr/local/lib/python3.6/dist-packages/jupyter_client/session.py\u001b[0m in \u001b[0;36mrecv\u001b[0;34m(self, socket, mode, content, copy)\u001b[0m\n\u001b[1;32m    802\u001b[0m         \u001b[0;32mtry\u001b[0m\u001b[0;34m:\u001b[0m\u001b[0;34m\u001b[0m\u001b[0;34m\u001b[0m\u001b[0m\n\u001b[0;32m--> 803\u001b[0;31m             \u001b[0mmsg_list\u001b[0m \u001b[0;34m=\u001b[0m \u001b[0msocket\u001b[0m\u001b[0;34m.\u001b[0m\u001b[0mrecv_multipart\u001b[0m\u001b[0;34m(\u001b[0m\u001b[0mmode\u001b[0m\u001b[0;34m,\u001b[0m \u001b[0mcopy\u001b[0m\u001b[0;34m=\u001b[0m\u001b[0mcopy\u001b[0m\u001b[0;34m)\u001b[0m\u001b[0;34m\u001b[0m\u001b[0;34m\u001b[0m\u001b[0m\n\u001b[0m\u001b[1;32m    804\u001b[0m         \u001b[0;32mexcept\u001b[0m \u001b[0mzmq\u001b[0m\u001b[0;34m.\u001b[0m\u001b[0mZMQError\u001b[0m \u001b[0;32mas\u001b[0m \u001b[0me\u001b[0m\u001b[0;34m:\u001b[0m\u001b[0;34m\u001b[0m\u001b[0;34m\u001b[0m\u001b[0m\n","\u001b[0;32m/usr/local/lib/python3.6/dist-packages/zmq/sugar/socket.py\u001b[0m in \u001b[0;36mrecv_multipart\u001b[0;34m(self, flags, copy, track)\u001b[0m\n\u001b[1;32m    490\u001b[0m         \"\"\"\n\u001b[0;32m--> 491\u001b[0;31m         \u001b[0mparts\u001b[0m \u001b[0;34m=\u001b[0m \u001b[0;34m[\u001b[0m\u001b[0mself\u001b[0m\u001b[0;34m.\u001b[0m\u001b[0mrecv\u001b[0m\u001b[0;34m(\u001b[0m\u001b[0mflags\u001b[0m\u001b[0;34m,\u001b[0m \u001b[0mcopy\u001b[0m\u001b[0;34m=\u001b[0m\u001b[0mcopy\u001b[0m\u001b[0;34m,\u001b[0m \u001b[0mtrack\u001b[0m\u001b[0;34m=\u001b[0m\u001b[0mtrack\u001b[0m\u001b[0;34m)\u001b[0m\u001b[0;34m]\u001b[0m\u001b[0;34m\u001b[0m\u001b[0;34m\u001b[0m\u001b[0m\n\u001b[0m\u001b[1;32m    492\u001b[0m         \u001b[0;31m# have first part already, only loop while more to receive\u001b[0m\u001b[0;34m\u001b[0m\u001b[0;34m\u001b[0m\u001b[0;34m\u001b[0m\u001b[0m\n","\u001b[0;32mzmq/backend/cython/socket.pyx\u001b[0m in \u001b[0;36mzmq.backend.cython.socket.Socket.recv\u001b[0;34m()\u001b[0m\n","\u001b[0;32mzmq/backend/cython/socket.pyx\u001b[0m in \u001b[0;36mzmq.backend.cython.socket.Socket.recv\u001b[0;34m()\u001b[0m\n","\u001b[0;32mzmq/backend/cython/socket.pyx\u001b[0m in \u001b[0;36mzmq.backend.cython.socket._recv_copy\u001b[0;34m()\u001b[0m\n","\u001b[0;32m/usr/local/lib/python3.6/dist-packages/zmq/backend/cython/checkrc.pxd\u001b[0m in \u001b[0;36mzmq.backend.cython.checkrc._check_rc\u001b[0;34m()\u001b[0m\n","\u001b[0;31mKeyboardInterrupt\u001b[0m: ","\nDuring handling of the above exception, another exception occurred:\n","\u001b[0;31mKeyboardInterrupt\u001b[0m                         Traceback (most recent call last)","\u001b[0;32m<ipython-input-57-bc8ea6d7ada6>\u001b[0m in \u001b[0;36m<module>\u001b[0;34m()\u001b[0m\n\u001b[1;32m     40\u001b[0m   \u001b[0mprint\u001b[0m\u001b[0;34m(\u001b[0m\u001b[0;34m\"Bem vindo ao programa da lojinha, escolha uma das opções para continuar\"\u001b[0m\u001b[0;34m)\u001b[0m\u001b[0;34m\u001b[0m\u001b[0;34m\u001b[0m\u001b[0m\n\u001b[1;32m     41\u001b[0m   contador = int(input(print(\n\u001b[0;32m---> 42\u001b[0;31m                    \u001b[0;34m\"1 - Inserir produto no estoque \\n\"\u001b[0m\u001b[0;34m\u001b[0m\u001b[0;34m\u001b[0m\u001b[0m\n\u001b[0m\u001b[1;32m     43\u001b[0m                    \u001b[0;34m\"2 - Ver todos os produtos no estoque \\n\"\u001b[0m\u001b[0;34m\u001b[0m\u001b[0;34m\u001b[0m\u001b[0m\n\u001b[1;32m     44\u001b[0m                    \u001b[0;34m\"3 - Ver lista de compras do estoque \\n\"\u001b[0m\u001b[0;34m\u001b[0m\u001b[0;34m\u001b[0m\u001b[0m\n","\u001b[0;32m/usr/local/lib/python3.6/dist-packages/ipykernel/kernelbase.py\u001b[0m in \u001b[0;36mraw_input\u001b[0;34m(self, prompt)\u001b[0m\n\u001b[1;32m    702\u001b[0m             \u001b[0mself\u001b[0m\u001b[0;34m.\u001b[0m\u001b[0m_parent_ident\u001b[0m\u001b[0;34m,\u001b[0m\u001b[0;34m\u001b[0m\u001b[0;34m\u001b[0m\u001b[0m\n\u001b[1;32m    703\u001b[0m             \u001b[0mself\u001b[0m\u001b[0;34m.\u001b[0m\u001b[0m_parent_header\u001b[0m\u001b[0;34m,\u001b[0m\u001b[0;34m\u001b[0m\u001b[0;34m\u001b[0m\u001b[0m\n\u001b[0;32m--> 704\u001b[0;31m             \u001b[0mpassword\u001b[0m\u001b[0;34m=\u001b[0m\u001b[0;32mFalse\u001b[0m\u001b[0;34m,\u001b[0m\u001b[0;34m\u001b[0m\u001b[0;34m\u001b[0m\u001b[0m\n\u001b[0m\u001b[1;32m    705\u001b[0m         )\n\u001b[1;32m    706\u001b[0m \u001b[0;34m\u001b[0m\u001b[0m\n","\u001b[0;32m/usr/local/lib/python3.6/dist-packages/ipykernel/kernelbase.py\u001b[0m in \u001b[0;36m_input_request\u001b[0;34m(self, prompt, ident, parent, password)\u001b[0m\n\u001b[1;32m    732\u001b[0m             \u001b[0;32mexcept\u001b[0m \u001b[0mKeyboardInterrupt\u001b[0m\u001b[0;34m:\u001b[0m\u001b[0;34m\u001b[0m\u001b[0;34m\u001b[0m\u001b[0m\n\u001b[1;32m    733\u001b[0m                 \u001b[0;31m# re-raise KeyboardInterrupt, to truncate traceback\u001b[0m\u001b[0;34m\u001b[0m\u001b[0;34m\u001b[0m\u001b[0;34m\u001b[0m\u001b[0m\n\u001b[0;32m--> 734\u001b[0;31m                 \u001b[0;32mraise\u001b[0m \u001b[0mKeyboardInterrupt\u001b[0m\u001b[0;34m\u001b[0m\u001b[0;34m\u001b[0m\u001b[0m\n\u001b[0m\u001b[1;32m    735\u001b[0m             \u001b[0;32melse\u001b[0m\u001b[0;34m:\u001b[0m\u001b[0;34m\u001b[0m\u001b[0;34m\u001b[0m\u001b[0m\n\u001b[1;32m    736\u001b[0m                 \u001b[0;32mbreak\u001b[0m\u001b[0;34m\u001b[0m\u001b[0;34m\u001b[0m\u001b[0m\n","\u001b[0;31mKeyboardInterrupt\u001b[0m: "]}]}]}